<?xml version="1.0" encoding="UTF-8" ?>
<testsuite errors="0" failures="0" hostname="localhost" name="br.com.triadworks.javaweb.testes.unitario.ServletSistemaFalsoTest" skipped="0" tests="3" time="0.472" timestamp="2017-01-26T22:58:07">
  <properties>
[...]
</properties>
  <testcase classname="br.com.triadworks.javaweb.testes.unitario.ServletSistemaFalsoTest" name="deveCausarUmaClassNotFoundException" time="0.21" />
  <testcase classname="br.com.triadworks.javaweb.testes.unitario.ServletSistemaFalsoTest" name="deveExecutarLogicaAdicionaCaloteiro" time="0.015" />
  <testcase classname="br.com.triadworks.javaweb.testes.unitario.ServletSistemaFalsoTest" name="deveExecutarUmaLogicaListaCaloteiro" time="0.007" />
  <system-out><![CDATA[]]></system-out>
  <system-err><![CDATA[]]></system-err>
</testsuite>
